Error: prefix already exists: /home/ubuntu/miniconda/envs/_pipbuild_
Collecting elasticsearch-dsl==0.0.4
  Downloading http://localhost/packages/3.3/e/elasticsearch-dsl/elasticsearch_dsl-0.0.4-py2.py3-none-any.whl
Requirement already satisfied (use --upgrade to upgrade): six in /home/ubuntu/miniconda/envs/_pipbuild_/lib/python2.7/site-packages (from elasticsearch-dsl==0.0.4)
Collecting python-dateutil (from elasticsearch-dsl==0.0.4)
  Downloading http://localhost/packages/any/p/python-dateutil/python_dateutil-2.4.2-py2.py3-none-any.whl (188kB)
Collecting elasticsearch>=1.0.0 (from elasticsearch-dsl==0.0.4)
  Downloading http://localhost/packages/3.3/e/elasticsearch/elasticsearch-1.4.0-py2.py3-none-any.whl (56kB)
Collecting urllib3<2.0,>=1.8 (from elasticsearch>=1.0.0->elasticsearch-dsl==0.0.4)
  Downloading http://localhost/packages/py2/u/urllib3/urllib3-1.10.4-py2-none-any.whl (79kB)
Installing collected packages: python-dateutil, urllib3, elasticsearch, elasticsearch-dsl
Successfully installed elasticsearch-1.4.0 elasticsearch-dsl-0.0.4 python-dateutil-2.4.2 urllib3-1.10.4
Traceback (most recent call last):
  File "__tmpfile__.py", line 1, in <module>
    import pkg_resources;
ImportError: No module named pkg_resources
An unexpected error has occurred, please consider sending the
following traceback to the conda GitHub issue tracker at:

    https://github.com/conda/conda-build/issues

Include the output of the command 'conda info' in your report.


Package search: {'_pypi_ordering': False, 'version': '0.0.4', 'name': 'elasticsearch-dsl', 'summary': 'Python client for Elasticsearch'}
Creating standard recipe for elasticsearch-dsl-0.0.4
Using url https://pypi.python.org/packages/source/e/elasticsearch-dsl/elasticsearch-dsl-0.0.4.tar.gz (22 KB) for elasticsearch-dsl.
Downloading elasticsearch-dsl
Using cached download
Unpacking elasticsearch-dsl...
done
working in /tmp/tmpiJPdqjconda_skeleton_elasticsearch-dsl-0.0.4.tar.gz
Fetching package metadata: ......

WARNING: conda-build appears to be out of date. You have version 1.13.0 but the
latest version is 1.14.0. Run

conda update -n root conda-build

to get the latest version.

Solving package specifications: .patching file core.py
Hunk #1 succeeded at 168 with fuzz 2 (offset 2 lines).
Traceback (most recent call last):
  File "setup.py", line 4, in <module>
    from setuptools import setup, find_packages
ImportError: No module named setuptools

Applying patch: '/tmp/tmpiJPdqjconda_skeleton_elasticsearch-dsl-0.0.4.tar.gz/pypi-distutils.patch'
$PYTHONPATH = /tmp/tmpiJPdqjconda_skeleton_elasticsearch-dsl-0.0.4.tar.gz/elasticsearch-dsl-0.0.4
Error: command failed: /home/ubuntu/miniconda/envs/_build/bin/python setup.py install

conda create -n _pipbuild_ --yes python pip
/home/ubuntu/miniconda/envs/_pipbuild_/bin/pip install elasticsearch-dsl==0.0.4
Getting dependencies...
Traceback (most recent call last):
  File "/home/ubuntu/miniconda/bin/conda-pipbuild", line 6, in <module>
    exec(compile(open(__file__).read(), __file__, 'exec'))
  File "/home/ubuntu/conda-build/bin/conda-pipbuild", line 5, in <module>
    sys.exit(main())
  File "/home/ubuntu/conda-build/conda_build/main_pipbuild.py", line 80, in main
    args_func(args, p)
  File "/home/ubuntu/conda-build/conda_build/main_build.py", line 349, in args_func
    args.func(args, p)
  File "/home/ubuntu/conda-build/conda_build/main_pipbuild.py", line 360, in execute
    build_package(package, version, noarch_python=args.noarch_python)
  File "/home/ubuntu/conda-build/conda_build/main_pipbuild.py", line 304, in build_package
    noarch_python=noarch_python)
  File "/home/ubuntu/conda-build/conda_build/main_pipbuild.py", line 240, in make_recipe
    depends = get_all_dependencies(package, version)
  File "/home/ubuntu/conda-build/conda_build/main_pipbuild.py", line 219, in get_all_dependencies
    output = subprocess.check_output(cmd3args)
  File "/home/ubuntu/miniconda/lib/python2.7/subprocess.py", line 573, in check_output
    raise CalledProcessError(retcode, cmd, output=output)
subprocess.CalledProcessError: Command '['/home/ubuntu/miniconda/envs/_pipbuild_/bin/python', '__tmpfile__.py']' returned non-zero exit status 1
