Error: prefix already exists: /home/ubuntu/miniconda/envs/_pipbuild_
Collecting pyenchant==1.6.6
  Downloading http://localhost/packages/py2.py3/p/pyenchant/pyenchant-1.6.6-py2.py3-none-any.whl (60kB)
Installing collected packages: pyenchant
Successfully installed pyenchant-1.6.6
Traceback (most recent call last):
  File "__tmpfile__.py", line 1, in <module>
    import pkg_resources;
ImportError: No module named pkg_resources
An unexpected error has occurred, please consider sending the
following traceback to the conda GitHub issue tracker at:

    https://github.com/conda/conda-build/issues

Include the output of the command 'conda info' in your report.


Package search: {'_pypi_ordering': False, 'version': '1.6.6', 'name': 'pyenchant', 'summary': 'Python bindings for the Enchant spellchecking system'}
Creating standard recipe for pyenchant-1.6.6
Using url https://pypi.python.org/packages/source/p/pyenchant/pyenchant-1.6.6.tar.gz (63 KB) for pyenchant.
Downloading pyenchant
Using cached download
Unpacking pyenchant...
done
working in /tmp/tmpVZFtzOconda_skeleton_pyenchant-1.6.6.tar.gz
Fetching package metadata: ......

WARNING: conda-build appears to be out of date. You have version 1.13.0 but the
latest version is 1.14.0. Run

conda update -n root conda-build

to get the latest version.

Solving package specifications: .patching file core.py
Hunk #1 succeeded at 168 with fuzz 2 (offset 2 lines).
Downloading https://pypi.python.org/packages/source/s/setuptools/setuptools-1.1.7.tar.gz
Traceback (most recent call last):
  File "setup.py", line 12, in <module>
    ez_setup.use_setuptools()
  File "/tmp/tmpVZFtzOconda_skeleton_pyenchant-1.6.6.tar.gz/pyenchant-1.6.6/ez_setup.py", line 132, in use_setuptools
    return _do_download(version, download_base, to_dir, download_delay)
  File "/tmp/tmpVZFtzOconda_skeleton_pyenchant-1.6.6.tar.gz/pyenchant-1.6.6/ez_setup.py", line 110, in _do_download
    to_dir, download_delay)
  File "/tmp/tmpVZFtzOconda_skeleton_pyenchant-1.6.6.tar.gz/pyenchant-1.6.6/ez_setup.py", line 278, in download_setuptools
    downloader(url, saveto)
  File "/tmp/tmpVZFtzOconda_skeleton_pyenchant-1.6.6.tar.gz/pyenchant-1.6.6/ez_setup.py", line 185, in download_file_curl
    subprocess.check_call(cmd)
  File "/home/ubuntu/miniconda/envs/_build/lib/python2.7/subprocess.py", line 540, in check_call
    raise CalledProcessError(retcode, cmd)
subprocess.CalledProcessError: Command '['curl', 'https://pypi.python.org/packages/source/s/setuptools/setuptools-1.1.7.tar.gz', '--silent', '--output', '/tmp/tmpVZFtzOconda_skeleton_pyenchant-1.6.6.tar.gz/pyenchant-1.6.6/setuptools-1.1.7.tar.gz']' returned non-zero exit status 77

The following NEW packages will be INSTALLED:

    numpy:  1.9.2-py27_0
    pyyaml: 3.11-py27_1 
    yaml:   0.1.6-0     

Linking packages ...
[                    ]|                                                  |   0%[yaml                ]|                                                  |   0%[numpy               ]|################                                  |  33%[pyyaml              ]|#################################                 |  66%[      COMPLETE      ]|##################################################| 100%
Applying patch: '/tmp/tmpVZFtzOconda_skeleton_pyenchant-1.6.6.tar.gz/pypi-distutils.patch'
$PYTHONPATH = /tmp/tmpVZFtzOconda_skeleton_pyenchant-1.6.6.tar.gz/pyenchant-1.6.6
Error: command failed: /home/ubuntu/miniconda/envs/_build/bin/python setup.py install

conda create -n _pipbuild_ --yes python pip
/home/ubuntu/miniconda/envs/_pipbuild_/bin/pip install pyenchant==1.6.6
Getting dependencies...
Traceback (most recent call last):
  File "/home/ubuntu/miniconda/bin/conda-pipbuild", line 6, in <module>
    exec(compile(open(__file__).read(), __file__, 'exec'))
  File "/home/ubuntu/conda-build/bin/conda-pipbuild", line 5, in <module>
    sys.exit(main())
  File "/home/ubuntu/conda-build/conda_build/main_pipbuild.py", line 80, in main
    args_func(args, p)
  File "/home/ubuntu/conda-build/conda_build/main_build.py", line 349, in args_func
    args.func(args, p)
  File "/home/ubuntu/conda-build/conda_build/main_pipbuild.py", line 360, in execute
    build_package(package, version, noarch_python=args.noarch_python)
  File "/home/ubuntu/conda-build/conda_build/main_pipbuild.py", line 304, in build_package
    noarch_python=noarch_python)
  File "/home/ubuntu/conda-build/conda_build/main_pipbuild.py", line 240, in make_recipe
    depends = get_all_dependencies(package, version)
  File "/home/ubuntu/conda-build/conda_build/main_pipbuild.py", line 219, in get_all_dependencies
    output = subprocess.check_output(cmd3args)
  File "/home/ubuntu/miniconda/lib/python2.7/subprocess.py", line 573, in check_output
    raise CalledProcessError(retcode, cmd, output=output)
subprocess.CalledProcessError: Command '['/home/ubuntu/miniconda/envs/_pipbuild_/bin/python', '__tmpfile__.py']' returned non-zero exit status 1
